-- The C compiler identification is GNU 11.4.0
-- The CXX compiler identification is GNU 11.4.0
-- Detecting C compiler ABI info
-- Detecting C compiler ABI info - done
-- Check for working C compiler: /usr/bin/cc - skipped
-- Detecting C compile features
-- Detecting C compile features - done
-- Detecting CXX compiler ABI info
-- Detecting CXX compiler ABI info - done
-- Check for working CXX compiler: /usr/bin/c++ - skipped
-- Detecting CXX compile features
-- Detecting CXX compile features - done
-- Found ament_cmake: 1.3.5 (/opt/ros/humble/share/ament_cmake/cmake)
-- Found Python3: /usr/bin/python3.10 (found version "3.10.12") found components: Interpreter 
-- Override CMake install command with custom implementation using symlinks instead of copying resources
-- Found rclcpp: 16.0.5 (/opt/ros/humble/share/rclcpp/cmake)
-- Found rosidl_generator_c: 3.1.5 (/opt/ros/humble/share/rosidl_generator_c/cmake)
-- Found rosidl_adapter: 3.1.5 (/opt/ros/humble/share/rosidl_adapter/cmake)
-- Found rosidl_generator_cpp: 3.1.5 (/opt/ros/humble/share/rosidl_generator_cpp/cmake)
-- Using all available rosidl_typesupport_c: rosidl_typesupport_fastrtps_c;rosidl_typesupport_introspection_c
-- Using all available rosidl_typesupport_cpp: rosidl_typesupport_fastrtps_cpp;rosidl_typesupport_introspection_cpp
-- Found rmw_implementation_cmake: 6.1.1 (/opt/ros/humble/share/rmw_implementation_cmake/cmake)
-- Found rmw_fastrtps_cpp: 6.2.3 (/opt/ros/humble/share/rmw_fastrtps_cpp/cmake)
-- Found OpenSSL: /usr/lib/x86_64-linux-gnu/libcrypto.so (found version "3.0.2")  
-- Found FastRTPS: /opt/ros/humble/include  
-- Using RMW implementation 'rmw_fastrtps_cpp' as default
-- Looking for pthread.h
-- Looking for pthread.h - found
-- Performing Test CMAKE_HAVE_LIBC_PTHREAD
-- Performing Test CMAKE_HAVE_LIBC_PTHREAD - Success
-- Found Threads: TRUE  
-- Found rclpy: 3.3.9 (/opt/ros/humble/share/rclpy/cmake)
-- Configuring done
-- Generating done
-- Build files have been written to: /home/nehemiah/ros2_ws/src/unmanned_sys_ros2/build/unmanned_systems_ros2_pkg
[ 50%] [32mBuilding CXX object CMakeFiles/cpp_node.dir/src/cpp_node.cpp.o[0m
[ 50%] Built target ament_cmake_python_symlink_unmanned_systems_ros2_pkg
running egg_info
creating unmanned_systems_ros2_pkg.egg-info
writing unmanned_systems_ros2_pkg.egg-info/PKG-INFO
writing dependency_links to unmanned_systems_ros2_pkg.egg-info/dependency_links.txt
writing top-level names to unmanned_systems_ros2_pkg.egg-info/top_level.txt
writing manifest file 'unmanned_systems_ros2_pkg.egg-info/SOURCES.txt'
reading manifest file 'unmanned_systems_ros2_pkg.egg-info/SOURCES.txt'
writing manifest file 'unmanned_systems_ros2_pkg.egg-info/SOURCES.txt'
[ 50%] Built target ament_cmake_python_build_unmanned_systems_ros2_pkg_egg
[100%] [32m[1mLinking CXX executable cpp_node[0m
[100%] Built target cpp_node
-- Install configuration: ""
-- Execute custom install script
-- Symlinking: /home/nehemiah/ros2_ws/src/unmanned_sys_ros2/install/unmanned_systems_ros2_pkg/lib/unmanned_systems_ros2_pkg/cpp_node
-- Symlinking: /home/nehemiah/ros2_ws/src/unmanned_sys_ros2/install/unmanned_systems_ros2_pkg/share/unmanned_systems_ros2_pkg/environment/pythonpath.sh
-- Symlinking: /home/nehemiah/ros2_ws/src/unmanned_sys_ros2/install/unmanned_systems_ros2_pkg/share/unmanned_systems_ros2_pkg/environment/pythonpath.dsv
-- Symlinking: /home/nehemiah/ros2_ws/src/unmanned_sys_ros2/install/unmanned_systems_ros2_pkg/local/lib/python3.10/dist-packages/unmanned_systems_ros2_pkg-0.0.0-py3.10.egg-info/PKG-INFO
-- Symlinking: /home/nehemiah/ros2_ws/src/unmanned_sys_ros2/install/unmanned_systems_ros2_pkg/local/lib/python3.10/dist-packages/unmanned_systems_ros2_pkg-0.0.0-py3.10.egg-info/SOURCES.txt
-- Symlinking: /home/nehemiah/ros2_ws/src/unmanned_sys_ros2/install/unmanned_systems_ros2_pkg/local/lib/python3.10/dist-packages/unmanned_systems_ros2_pkg-0.0.0-py3.10.egg-info/dependency_links.txt
-- Symlinking: /home/nehemiah/ros2_ws/src/unmanned_sys_ros2/install/unmanned_systems_ros2_pkg/local/lib/python3.10/dist-packages/unmanned_systems_ros2_pkg-0.0.0-py3.10.egg-info/top_level.txt
-- Symlinking: /home/nehemiah/ros2_ws/src/unmanned_sys_ros2/install/unmanned_systems_ros2_pkg/local/lib/python3.10/dist-packages/unmanned_systems_ros2_pkg/PIDTemplate.py
-- Symlinking: /home/nehemiah/ros2_ws/src/unmanned_sys_ros2/install/unmanned_systems_ros2_pkg/local/lib/python3.10/dist-packages/unmanned_systems_ros2_pkg/TurtleBotNode.py
-- Symlinking: /home/nehemiah/ros2_ws/src/unmanned_sys_ros2/install/unmanned_systems_ros2_pkg/local/lib/python3.10/dist-packages/unmanned_systems_ros2_pkg/__init__.py
-- Symlinking: /home/nehemiah/ros2_ws/src/unmanned_sys_ros2/install/unmanned_systems_ros2_pkg/local/lib/python3.10/dist-packages/unmanned_systems_ros2_pkg/quaternion_tools.py
-- Symlinking: /home/nehemiah/ros2_ws/src/unmanned_sys_ros2/install/unmanned_systems_ros2_pkg/local/lib/python3.10/dist-packages/unmanned_systems_ros2_pkg/some_python_module.py
-- Symlinking: /home/nehemiah/ros2_ws/src/unmanned_sys_ros2/install/unmanned_systems_ros2_pkg/lib/unmanned_systems_ros2_pkg/python_node.py
-- Symlinking: /home/nehemiah/ros2_ws/src/unmanned_sys_ros2/install/unmanned_systems_ros2_pkg/lib/unmanned_systems_ros2_pkg/turtlebot_simple.py
-- Symlinking: /home/nehemiah/ros2_ws/src/unmanned_sys_ros2/install/unmanned_systems_ros2_pkg/lib/unmanned_systems_ros2_pkg/logger.py
-- Symlinking: /home/nehemiah/ros2_ws/src/unmanned_sys_ros2/install/unmanned_systems_ros2_pkg/lib/unmanned_systems_ros2_pkg/ros2_hw4_node.py
-- Symlinking: /home/nehemiah/ros2_ws/src/unmanned_sys_ros2/install/unmanned_systems_ros2_pkg/share/ament_index/resource_index/package_run_dependencies/unmanned_systems_ros2_pkg
-- Symlinking: /home/nehemiah/ros2_ws/src/unmanned_sys_ros2/install/unmanned_systems_ros2_pkg/share/ament_index/resource_index/parent_prefix_path/unmanned_systems_ros2_pkg
-- Symlinking: /home/nehemiah/ros2_ws/src/unmanned_sys_ros2/install/unmanned_systems_ros2_pkg/share/unmanned_systems_ros2_pkg/environment/ament_prefix_path.sh
-- Symlinking: /home/nehemiah/ros2_ws/src/unmanned_sys_ros2/install/unmanned_systems_ros2_pkg/share/unmanned_systems_ros2_pkg/environment/ament_prefix_path.dsv
-- Symlinking: /home/nehemiah/ros2_ws/src/unmanned_sys_ros2/install/unmanned_systems_ros2_pkg/share/unmanned_systems_ros2_pkg/environment/path.sh
-- Symlinking: /home/nehemiah/ros2_ws/src/unmanned_sys_ros2/install/unmanned_systems_ros2_pkg/share/unmanned_systems_ros2_pkg/environment/path.dsv
-- Symlinking: /home/nehemiah/ros2_ws/src/unmanned_sys_ros2/install/unmanned_systems_ros2_pkg/share/unmanned_systems_ros2_pkg/local_setup.bash
-- Symlinking: /home/nehemiah/ros2_ws/src/unmanned_sys_ros2/install/unmanned_systems_ros2_pkg/share/unmanned_systems_ros2_pkg/local_setup.sh
-- Symlinking: /home/nehemiah/ros2_ws/src/unmanned_sys_ros2/install/unmanned_systems_ros2_pkg/share/unmanned_systems_ros2_pkg/local_setup.zsh
-- Symlinking: /home/nehemiah/ros2_ws/src/unmanned_sys_ros2/install/unmanned_systems_ros2_pkg/share/unmanned_systems_ros2_pkg/local_setup.dsv
-- Symlinking: /home/nehemiah/ros2_ws/src/unmanned_sys_ros2/install/unmanned_systems_ros2_pkg/share/unmanned_systems_ros2_pkg/package.dsv
-- Symlinking: /home/nehemiah/ros2_ws/src/unmanned_sys_ros2/install/unmanned_systems_ros2_pkg/share/ament_index/resource_index/packages/unmanned_systems_ros2_pkg
-- Symlinking: /home/nehemiah/ros2_ws/src/unmanned_sys_ros2/install/unmanned_systems_ros2_pkg/share/unmanned_systems_ros2_pkg/cmake/unmanned_systems_ros2_pkgConfig.cmake
-- Symlinking: /home/nehemiah/ros2_ws/src/unmanned_sys_ros2/install/unmanned_systems_ros2_pkg/share/unmanned_systems_ros2_pkg/cmake/unmanned_systems_ros2_pkgConfig-version.cmake
-- Symlinking: /home/nehemiah/ros2_ws/src/unmanned_sys_ros2/install/unmanned_systems_ros2_pkg/share/unmanned_systems_ros2_pkg/package.xml
-- Symlinking: /home/nehemiah/ros2_ws/src/unmanned_sys_ros2/install/unmanned_systems_ros2_pkg/share/unmanned_systems_ros2_pkg/launch/__pycache__/final_project_world.cpython-38.pyc
Listing '/home/nehemiah/ros2_ws/src/unmanned_sys_ros2/install/unmanned_systems_ros2_pkg/local/lib/python3.10/dist-packages/unmanned_systems_ros2_pkg'...
Compiling '/home/nehemiah/ros2_ws/src/unmanned_sys_ros2/install/unmanned_systems_ros2_pkg/local/lib/python3.10/dist-packages/unmanned_systems_ros2_pkg/PIDTemplate.py'...
Compiling '/home/nehemiah/ros2_ws/src/unmanned_sys_ros2/install/unmanned_systems_ros2_pkg/local/lib/python3.10/dist-packages/unmanned_systems_ros2_pkg/TurtleBotNode.py'...
Compiling '/home/nehemiah/ros2_ws/src/unmanned_sys_ros2/install/unmanned_systems_ros2_pkg/local/lib/python3.10/dist-packages/unmanned_systems_ros2_pkg/__init__.py'...
Compiling '/home/nehemiah/ros2_ws/src/unmanned_sys_ros2/install/unmanned_systems_ros2_pkg/local/lib/python3.10/dist-packages/unmanned_systems_ros2_pkg/quaternion_tools.py'...
Compiling '/home/nehemiah/ros2_ws/src/unmanned_sys_ros2/install/unmanned_systems_ros2_pkg/local/lib/python3.10/dist-packages/unmanned_systems_ros2_pkg/some_python_module.py'...
