[0.082s] Invoking command in '/home/nehemiah/ros2_ws/src/unmanned_sys_ros2/build/unmanned_systems_ros2_pkg': CMAKE_PREFIX_PATH=${CMAKE_PREFIX_PATH}:/home/nehemiah/ros2_ws/install/turtlebot3_teleop:/home/nehemiah/ros2_ws/install/turtlebot3_example:/opt/ros/humble /usr/bin/cmake /home/nehemiah/ros2_ws/src/unmanned_sys_ros2/unmanned_systems_ros2_pkg -DAMENT_CMAKE_SYMLINK_INSTALL=1 -DCMAKE_INSTALL_PREFIX=/home/nehemiah/ros2_ws/src/unmanned_sys_ros2/install/unmanned_systems_ros2_pkg
[2.922s] -- The C compiler identification is GNU 11.4.0
[7.563s] -- The CXX compiler identification is GNU 11.4.0
[10.895s] -- Detecting C compiler ABI info
[12.014s] -- Detecting C compiler ABI info - done
[12.044s] -- Check for working C compiler: /usr/bin/cc - skipped
[12.045s] -- Detecting C compile features
[12.047s] -- Detecting C compile features - done
[12.062s] -- Detecting CXX compiler ABI info
[13.120s] -- Detecting CXX compiler ABI info - done
[13.155s] -- Check for working CXX compiler: /usr/bin/c++ - skipped
[13.159s] -- Detecting CXX compile features
[13.162s] -- Detecting CXX compile features - done
[13.234s] -- Found ament_cmake: 1.3.5 (/opt/ros/humble/share/ament_cmake/cmake)
[13.990s] -- Found Python3: /usr/bin/python3.10 (found version "3.10.12") found components: Interpreter 
[14.405s] -- Override CMake install command with custom implementation using symlinks instead of copying resources
[14.788s] -- Found rclcpp: 16.0.5 (/opt/ros/humble/share/rclcpp/cmake)
[16.566s] -- Found rosidl_generator_c: 3.1.5 (/opt/ros/humble/share/rosidl_generator_c/cmake)
[16.643s] -- Found rosidl_adapter: 3.1.5 (/opt/ros/humble/share/rosidl_adapter/cmake)
[16.779s] -- Found rosidl_generator_cpp: 3.1.5 (/opt/ros/humble/share/rosidl_generator_cpp/cmake)
[16.919s] -- Using all available rosidl_typesupport_c: rosidl_typesupport_fastrtps_c;rosidl_typesupport_introspection_c
[17.106s] -- Using all available rosidl_typesupport_cpp: rosidl_typesupport_fastrtps_cpp;rosidl_typesupport_introspection_cpp
[17.738s] -- Found rmw_implementation_cmake: 6.1.1 (/opt/ros/humble/share/rmw_implementation_cmake/cmake)
[17.776s] -- Found rmw_fastrtps_cpp: 6.2.3 (/opt/ros/humble/share/rmw_fastrtps_cpp/cmake)
[28.793s] -- Found OpenSSL: /usr/lib/x86_64-linux-gnu/libcrypto.so (found version "3.0.2")  
[39.886s] -- Found FastRTPS: /opt/ros/humble/include  
[61.494s] -- Using RMW implementation 'rmw_fastrtps_cpp' as default
[61.565s] -- Looking for pthread.h
[62.512s] -- Looking for pthread.h - found
[62.512s] -- Performing Test CMAKE_HAVE_LIBC_PTHREAD
[63.539s] -- Performing Test CMAKE_HAVE_LIBC_PTHREAD - Success
[63.542s] -- Found Threads: TRUE  
[64.358s] -- Found rclpy: 3.3.9 (/opt/ros/humble/share/rclpy/cmake)
[65.064s] -- Configuring done
[65.105s] -- Generating done
[65.113s] -- Build files have been written to: /home/nehemiah/ros2_ws/src/unmanned_sys_ros2/build/unmanned_systems_ros2_pkg
[65.145s] Invoked command in '/home/nehemiah/ros2_ws/src/unmanned_sys_ros2/build/unmanned_systems_ros2_pkg' returned '0': CMAKE_PREFIX_PATH=${CMAKE_PREFIX_PATH}:/home/nehemiah/ros2_ws/install/turtlebot3_teleop:/home/nehemiah/ros2_ws/install/turtlebot3_example:/opt/ros/humble /usr/bin/cmake /home/nehemiah/ros2_ws/src/unmanned_sys_ros2/unmanned_systems_ros2_pkg -DAMENT_CMAKE_SYMLINK_INSTALL=1 -DCMAKE_INSTALL_PREFIX=/home/nehemiah/ros2_ws/src/unmanned_sys_ros2/install/unmanned_systems_ros2_pkg
[65.160s] Invoking command in '/home/nehemiah/ros2_ws/src/unmanned_sys_ros2/build/unmanned_systems_ros2_pkg': CMAKE_PREFIX_PATH=${CMAKE_PREFIX_PATH}:/home/nehemiah/ros2_ws/install/turtlebot3_teleop:/home/nehemiah/ros2_ws/install/turtlebot3_example:/opt/ros/humble /usr/bin/cmake --build /home/nehemiah/ros2_ws/src/unmanned_sys_ros2/build/unmanned_systems_ros2_pkg -- -j8 -l8
[65.345s] [ 50%] [32mBuilding CXX object CMakeFiles/cpp_node.dir/src/cpp_node.cpp.o[0m
[65.377s] [ 50%] Built target ament_cmake_python_symlink_unmanned_systems_ros2_pkg
[66.706s] running egg_info
[66.708s] creating unmanned_systems_ros2_pkg.egg-info
[66.709s] writing unmanned_systems_ros2_pkg.egg-info/PKG-INFO
[66.711s] writing dependency_links to unmanned_systems_ros2_pkg.egg-info/dependency_links.txt
[66.711s] writing top-level names to unmanned_systems_ros2_pkg.egg-info/top_level.txt
[66.715s] writing manifest file 'unmanned_systems_ros2_pkg.egg-info/SOURCES.txt'
[66.733s] reading manifest file 'unmanned_systems_ros2_pkg.egg-info/SOURCES.txt'
[66.735s] writing manifest file 'unmanned_systems_ros2_pkg.egg-info/SOURCES.txt'
[66.837s] [ 50%] Built target ament_cmake_python_build_unmanned_systems_ros2_pkg_egg
[96.612s] [100%] [32m[1mLinking CXX executable cpp_node[0m
[98.349s] [100%] Built target cpp_node
[98.386s] Invoked command in '/home/nehemiah/ros2_ws/src/unmanned_sys_ros2/build/unmanned_systems_ros2_pkg' returned '0': CMAKE_PREFIX_PATH=${CMAKE_PREFIX_PATH}:/home/nehemiah/ros2_ws/install/turtlebot3_teleop:/home/nehemiah/ros2_ws/install/turtlebot3_example:/opt/ros/humble /usr/bin/cmake --build /home/nehemiah/ros2_ws/src/unmanned_sys_ros2/build/unmanned_systems_ros2_pkg -- -j8 -l8
[98.579s] Invoking command in '/home/nehemiah/ros2_ws/src/unmanned_sys_ros2/build/unmanned_systems_ros2_pkg': CMAKE_PREFIX_PATH=${CMAKE_PREFIX_PATH}:/home/nehemiah/ros2_ws/install/turtlebot3_teleop:/home/nehemiah/ros2_ws/install/turtlebot3_example:/opt/ros/humble /usr/bin/cmake --install /home/nehemiah/ros2_ws/src/unmanned_sys_ros2/build/unmanned_systems_ros2_pkg
[98.598s] -- Install configuration: ""
[98.603s] -- Execute custom install script
[98.605s] -- Symlinking: /home/nehemiah/ros2_ws/src/unmanned_sys_ros2/install/unmanned_systems_ros2_pkg/lib/unmanned_systems_ros2_pkg/cpp_node
[98.640s] -- Symlinking: /home/nehemiah/ros2_ws/src/unmanned_sys_ros2/install/unmanned_systems_ros2_pkg/share/unmanned_systems_ros2_pkg/environment/pythonpath.sh
[98.680s] -- Symlinking: /home/nehemiah/ros2_ws/src/unmanned_sys_ros2/install/unmanned_systems_ros2_pkg/share/unmanned_systems_ros2_pkg/environment/pythonpath.dsv
[98.712s] -- Symlinking: /home/nehemiah/ros2_ws/src/unmanned_sys_ros2/install/unmanned_systems_ros2_pkg/local/lib/python3.10/dist-packages/unmanned_systems_ros2_pkg-0.0.0-py3.10.egg-info/PKG-INFO
[98.741s] -- Symlinking: /home/nehemiah/ros2_ws/src/unmanned_sys_ros2/install/unmanned_systems_ros2_pkg/local/lib/python3.10/dist-packages/unmanned_systems_ros2_pkg-0.0.0-py3.10.egg-info/SOURCES.txt
[98.776s] -- Symlinking: /home/nehemiah/ros2_ws/src/unmanned_sys_ros2/install/unmanned_systems_ros2_pkg/local/lib/python3.10/dist-packages/unmanned_systems_ros2_pkg-0.0.0-py3.10.egg-info/dependency_links.txt
[98.806s] -- Symlinking: /home/nehemiah/ros2_ws/src/unmanned_sys_ros2/install/unmanned_systems_ros2_pkg/local/lib/python3.10/dist-packages/unmanned_systems_ros2_pkg-0.0.0-py3.10.egg-info/top_level.txt
[98.844s] -- Symlinking: /home/nehemiah/ros2_ws/src/unmanned_sys_ros2/install/unmanned_systems_ros2_pkg/local/lib/python3.10/dist-packages/unmanned_systems_ros2_pkg/PIDTemplate.py
[98.881s] -- Symlinking: /home/nehemiah/ros2_ws/src/unmanned_sys_ros2/install/unmanned_systems_ros2_pkg/local/lib/python3.10/dist-packages/unmanned_systems_ros2_pkg/TurtleBotNode.py
[98.928s] -- Symlinking: /home/nehemiah/ros2_ws/src/unmanned_sys_ros2/install/unmanned_systems_ros2_pkg/local/lib/python3.10/dist-packages/unmanned_systems_ros2_pkg/__init__.py
[98.966s] -- Symlinking: /home/nehemiah/ros2_ws/src/unmanned_sys_ros2/install/unmanned_systems_ros2_pkg/local/lib/python3.10/dist-packages/unmanned_systems_ros2_pkg/quaternion_tools.py
[99.012s] -- Symlinking: /home/nehemiah/ros2_ws/src/unmanned_sys_ros2/install/unmanned_systems_ros2_pkg/local/lib/python3.10/dist-packages/unmanned_systems_ros2_pkg/some_python_module.py
[99.058s] -- Symlinking: /home/nehemiah/ros2_ws/src/unmanned_sys_ros2/install/unmanned_systems_ros2_pkg/lib/unmanned_systems_ros2_pkg/python_node.py
[99.090s] -- Symlinking: /home/nehemiah/ros2_ws/src/unmanned_sys_ros2/install/unmanned_systems_ros2_pkg/lib/unmanned_systems_ros2_pkg/turtlebot_simple.py
[99.124s] -- Symlinking: /home/nehemiah/ros2_ws/src/unmanned_sys_ros2/install/unmanned_systems_ros2_pkg/lib/unmanned_systems_ros2_pkg/logger.py
[99.173s] -- Symlinking: /home/nehemiah/ros2_ws/src/unmanned_sys_ros2/install/unmanned_systems_ros2_pkg/lib/unmanned_systems_ros2_pkg/ros2_hw4_node.py
[99.204s] -- Symlinking: /home/nehemiah/ros2_ws/src/unmanned_sys_ros2/install/unmanned_systems_ros2_pkg/share/ament_index/resource_index/package_run_dependencies/unmanned_systems_ros2_pkg
[99.243s] -- Symlinking: /home/nehemiah/ros2_ws/src/unmanned_sys_ros2/install/unmanned_systems_ros2_pkg/share/ament_index/resource_index/parent_prefix_path/unmanned_systems_ros2_pkg
[99.273s] -- Symlinking: /home/nehemiah/ros2_ws/src/unmanned_sys_ros2/install/unmanned_systems_ros2_pkg/share/unmanned_systems_ros2_pkg/environment/ament_prefix_path.sh
[99.308s] -- Symlinking: /home/nehemiah/ros2_ws/src/unmanned_sys_ros2/install/unmanned_systems_ros2_pkg/share/unmanned_systems_ros2_pkg/environment/ament_prefix_path.dsv
[99.343s] -- Symlinking: /home/nehemiah/ros2_ws/src/unmanned_sys_ros2/install/unmanned_systems_ros2_pkg/share/unmanned_systems_ros2_pkg/environment/path.sh
[99.378s] -- Symlinking: /home/nehemiah/ros2_ws/src/unmanned_sys_ros2/install/unmanned_systems_ros2_pkg/share/unmanned_systems_ros2_pkg/environment/path.dsv
[99.411s] -- Symlinking: /home/nehemiah/ros2_ws/src/unmanned_sys_ros2/install/unmanned_systems_ros2_pkg/share/unmanned_systems_ros2_pkg/local_setup.bash
[99.465s] -- Symlinking: /home/nehemiah/ros2_ws/src/unmanned_sys_ros2/install/unmanned_systems_ros2_pkg/share/unmanned_systems_ros2_pkg/local_setup.sh
[99.499s] -- Symlinking: /home/nehemiah/ros2_ws/src/unmanned_sys_ros2/install/unmanned_systems_ros2_pkg/share/unmanned_systems_ros2_pkg/local_setup.zsh
[99.541s] -- Symlinking: /home/nehemiah/ros2_ws/src/unmanned_sys_ros2/install/unmanned_systems_ros2_pkg/share/unmanned_systems_ros2_pkg/local_setup.dsv
[99.568s] -- Symlinking: /home/nehemiah/ros2_ws/src/unmanned_sys_ros2/install/unmanned_systems_ros2_pkg/share/unmanned_systems_ros2_pkg/package.dsv
[99.605s] -- Symlinking: /home/nehemiah/ros2_ws/src/unmanned_sys_ros2/install/unmanned_systems_ros2_pkg/share/ament_index/resource_index/packages/unmanned_systems_ros2_pkg
[99.635s] -- Symlinking: /home/nehemiah/ros2_ws/src/unmanned_sys_ros2/install/unmanned_systems_ros2_pkg/share/unmanned_systems_ros2_pkg/cmake/unmanned_systems_ros2_pkgConfig.cmake
[99.670s] -- Symlinking: /home/nehemiah/ros2_ws/src/unmanned_sys_ros2/install/unmanned_systems_ros2_pkg/share/unmanned_systems_ros2_pkg/cmake/unmanned_systems_ros2_pkgConfig-version.cmake
[99.709s] -- Symlinking: /home/nehemiah/ros2_ws/src/unmanned_sys_ros2/install/unmanned_systems_ros2_pkg/share/unmanned_systems_ros2_pkg/package.xml
[99.756s] -- Symlinking: /home/nehemiah/ros2_ws/src/unmanned_sys_ros2/install/unmanned_systems_ros2_pkg/share/unmanned_systems_ros2_pkg/launch/__pycache__/final_project_world.cpython-38.pyc
[100.073s] Listing '/home/nehemiah/ros2_ws/src/unmanned_sys_ros2/install/unmanned_systems_ros2_pkg/local/lib/python3.10/dist-packages/unmanned_systems_ros2_pkg'...
[100.073s] Compiling '/home/nehemiah/ros2_ws/src/unmanned_sys_ros2/install/unmanned_systems_ros2_pkg/local/lib/python3.10/dist-packages/unmanned_systems_ros2_pkg/PIDTemplate.py'...
[100.074s] Compiling '/home/nehemiah/ros2_ws/src/unmanned_sys_ros2/install/unmanned_systems_ros2_pkg/local/lib/python3.10/dist-packages/unmanned_systems_ros2_pkg/TurtleBotNode.py'...
[100.074s] Compiling '/home/nehemiah/ros2_ws/src/unmanned_sys_ros2/install/unmanned_systems_ros2_pkg/local/lib/python3.10/dist-packages/unmanned_systems_ros2_pkg/__init__.py'...
[100.074s] Compiling '/home/nehemiah/ros2_ws/src/unmanned_sys_ros2/install/unmanned_systems_ros2_pkg/local/lib/python3.10/dist-packages/unmanned_systems_ros2_pkg/quaternion_tools.py'...
[100.075s] Compiling '/home/nehemiah/ros2_ws/src/unmanned_sys_ros2/install/unmanned_systems_ros2_pkg/local/lib/python3.10/dist-packages/unmanned_systems_ros2_pkg/some_python_module.py'...
[100.113s] Invoked command in '/home/nehemiah/ros2_ws/src/unmanned_sys_ros2/build/unmanned_systems_ros2_pkg' returned '0': CMAKE_PREFIX_PATH=${CMAKE_PREFIX_PATH}:/home/nehemiah/ros2_ws/install/turtlebot3_teleop:/home/nehemiah/ros2_ws/install/turtlebot3_example:/opt/ros/humble /usr/bin/cmake --install /home/nehemiah/ros2_ws/src/unmanned_sys_ros2/build/unmanned_systems_ros2_pkg
