[6.373s] DEBUG:colcon:Command line arguments: ['/usr/bin/colcon', 'build', '--symlink-install']
[6.374s] DEBUG:colcon:Parsed command line arguments: Namespace(log_base=None, log_level=None, verb_name='build', build_base='build', install_base='install', merge_install=False, symlink_install=True, test_result_base=None, continue_on_error=False, executor='parallel', parallel_workers=8, event_handlers=None, ignore_user_meta=False, metas=['./colcon.meta'], base_paths=['.'], packages_ignore=None, packages_ignore_regex=None, paths=None, packages_up_to=None, packages_up_to_regex=None, packages_above=None, packages_above_and_dependencies=None, packages_above_depth=None, packages_select_by_dep=None, packages_skip_by_dep=None, packages_skip_up_to=None, packages_select_build_failed=False, packages_skip_build_finished=False, packages_select_test_failures=False, packages_skip_test_passed=False, packages_select=None, packages_skip=None, packages_select_regex=None, packages_skip_regex=None, packages_start=None, packages_end=None, allow_overriding=[], cmake_args=None, cmake_target=None, cmake_target_skip_unavailable=False, cmake_clean_cache=False, cmake_clean_first=False, cmake_force_configure=False, ament_cmake_args=None, catkin_cmake_args=None, catkin_skip_building_tests=False, verb_parser=<colcon_defaults.argument_parser.defaults.DefaultArgumentsDecorator object at 0x7fd7a89c9060>, verb_extension=<colcon_core.verb.build.BuildVerb object at 0x7fd7a9131570>, main=<bound method BuildVerb.main of <colcon_core.verb.build.BuildVerb object at 0x7fd7a9131570>>)
[6.688s] Level 1:colcon.colcon_core.package_discovery:discover_packages(colcon_meta) check parameters
[6.688s] Level 1:colcon.colcon_core.package_discovery:discover_packages(recursive) check parameters
[6.688s] Level 1:colcon.colcon_core.package_discovery:discover_packages(ignore) check parameters
[6.688s] Level 1:colcon.colcon_core.package_discovery:discover_packages(path) check parameters
[6.688s] Level 1:colcon.colcon_core.package_discovery:discover_packages(colcon_meta) discover
[6.689s] Level 1:colcon.colcon_core.package_discovery:discover_packages(recursive) discover
[6.689s] INFO:colcon.colcon_core.package_discovery:Crawling recursively for packages in '/home/nehemiah/ros2_ws/src/unmanned_sys_ros2'
[6.689s] Level 1:colcon.colcon_core.package_identification:_identify(.) by extensions ['ignore', 'ignore_ament_install']
[6.690s] Level 1:colcon.colcon_core.package_identification:_identify(.) by extension 'ignore'
[6.690s] Level 1:colcon.colcon_core.package_identification:_identify(.) by extension 'ignore_ament_install'
[6.690s] Level 1:colcon.colcon_core.package_identification:_identify(.) by extensions ['colcon_pkg']
[6.690s] Level 1:colcon.colcon_core.package_identification:_identify(.) by extension 'colcon_pkg'
[6.690s] Level 1:colcon.colcon_core.package_identification:_identify(.) by extensions ['colcon_meta']
[6.691s] Level 1:colcon.colcon_core.package_identification:_identify(.) by extension 'colcon_meta'
[6.691s] Level 1:colcon.colcon_core.package_identification:_identify(.) by extensions ['ros']
[6.691s] Level 1:colcon.colcon_core.package_identification:_identify(.) by extension 'ros'
[6.774s] Level 1:colcon.colcon_core.package_identification:_identify(.) by extensions ['cmake', 'python']
[6.774s] Level 1:colcon.colcon_core.package_identification:_identify(.) by extension 'cmake'
[6.775s] Level 1:colcon.colcon_core.package_identification:_identify(.) by extension 'python'
[6.775s] Level 1:colcon.colcon_core.package_identification:_identify(.) by extensions ['python_setup_py']
[6.775s] Level 1:colcon.colcon_core.package_identification:_identify(.) by extension 'python_setup_py'
[6.776s] Level 1:colcon.colcon_core.package_identification:_identify(build) by extensions ['ignore', 'ignore_ament_install']
[6.776s] Level 1:colcon.colcon_core.package_identification:_identify(build) by extension 'ignore'
[6.776s] Level 1:colcon.colcon_core.package_identification:_identify(build) ignored
[6.776s] Level 1:colcon.colcon_core.package_identification:_identify(install) by extensions ['ignore', 'ignore_ament_install']
[6.777s] Level 1:colcon.colcon_core.package_identification:_identify(install) by extension 'ignore'
[6.777s] Level 1:colcon.colcon_core.package_identification:_identify(install) ignored
[6.777s] Level 1:colcon.colcon_core.package_identification:_identify(log) by extensions ['ignore', 'ignore_ament_install']
[6.777s] Level 1:colcon.colcon_core.package_identification:_identify(log) by extension 'ignore'
[6.777s] Level 1:colcon.colcon_core.package_identification:_identify(log) ignored
[6.778s] Level 1:colcon.colcon_core.package_identification:_identify(unmanned_systems_ros2_pkg) by extensions ['ignore', 'ignore_ament_install']
[6.778s] Level 1:colcon.colcon_core.package_identification:_identify(unmanned_systems_ros2_pkg) by extension 'ignore'
[6.779s] Level 1:colcon.colcon_core.package_identification:_identify(unmanned_systems_ros2_pkg) by extension 'ignore_ament_install'
[6.779s] Level 1:colcon.colcon_core.package_identification:_identify(unmanned_systems_ros2_pkg) by extensions ['colcon_pkg']
[6.779s] Level 1:colcon.colcon_core.package_identification:_identify(unmanned_systems_ros2_pkg) by extension 'colcon_pkg'
[6.780s] Level 1:colcon.colcon_core.package_identification:_identify(unmanned_systems_ros2_pkg) by extensions ['colcon_meta']
[6.780s] Level 1:colcon.colcon_core.package_identification:_identify(unmanned_systems_ros2_pkg) by extension 'colcon_meta'
[6.780s] Level 1:colcon.colcon_core.package_identification:_identify(unmanned_systems_ros2_pkg) by extensions ['ros']
[6.780s] Level 1:colcon.colcon_core.package_identification:_identify(unmanned_systems_ros2_pkg) by extension 'ros'
[6.810s] DEBUG:colcon.colcon_core.package_identification:Package 'unmanned_systems_ros2_pkg' with type 'ros.ament_cmake' and name 'unmanned_systems_ros2_pkg'
[6.810s] Level 1:colcon.colcon_core.package_discovery:discover_packages(recursive) using defaults
[6.812s] Level 1:colcon.colcon_core.package_discovery:discover_packages(ignore) discover
[6.812s] Level 1:colcon.colcon_core.package_discovery:discover_packages(ignore) using defaults
[6.812s] Level 1:colcon.colcon_core.package_discovery:discover_packages(path) discover
[6.813s] Level 1:colcon.colcon_core.package_discovery:discover_packages(path) using defaults
[7.046s] Level 1:colcon.colcon_core.package_discovery:discover_packages(prefix_path) check parameters
[7.047s] Level 1:colcon.colcon_core.package_discovery:discover_packages(prefix_path) discover
[7.110s] DEBUG:colcon.colcon_installed_package_information.package_discovery:Found 13 installed packages in /home/nehemiah/ros2_ws/install
[7.120s] DEBUG:colcon.colcon_installed_package_information.package_discovery:Found 326 installed packages in /opt/ros/humble
[7.127s] Level 1:colcon.colcon_core.package_discovery:discover_packages(prefix_path) using defaults
[7.643s] Level 5:colcon.colcon_core.verb:set package 'unmanned_systems_ros2_pkg' build argument 'cmake_args' from command line to 'None'
[7.643s] Level 5:colcon.colcon_core.verb:set package 'unmanned_systems_ros2_pkg' build argument 'cmake_target' from command line to 'None'
[7.643s] Level 5:colcon.colcon_core.verb:set package 'unmanned_systems_ros2_pkg' build argument 'cmake_target_skip_unavailable' from command line to 'False'
[7.643s] Level 5:colcon.colcon_core.verb:set package 'unmanned_systems_ros2_pkg' build argument 'cmake_clean_cache' from command line to 'False'
[7.643s] Level 5:colcon.colcon_core.verb:set package 'unmanned_systems_ros2_pkg' build argument 'cmake_clean_first' from command line to 'False'
[7.644s] Level 5:colcon.colcon_core.verb:set package 'unmanned_systems_ros2_pkg' build argument 'cmake_force_configure' from command line to 'False'
[7.644s] Level 5:colcon.colcon_core.verb:set package 'unmanned_systems_ros2_pkg' build argument 'ament_cmake_args' from command line to 'None'
[7.644s] Level 5:colcon.colcon_core.verb:set package 'unmanned_systems_ros2_pkg' build argument 'catkin_cmake_args' from command line to 'None'
[7.644s] Level 5:colcon.colcon_core.verb:set package 'unmanned_systems_ros2_pkg' build argument 'catkin_skip_building_tests' from command line to 'False'
[7.644s] DEBUG:colcon.colcon_core.verb:Building package 'unmanned_systems_ros2_pkg' with the following arguments: {'ament_cmake_args': None, 'build_base': '/home/nehemiah/ros2_ws/src/unmanned_sys_ros2/build/unmanned_systems_ros2_pkg', 'catkin_cmake_args': None, 'catkin_skip_building_tests': False, 'cmake_args': None, 'cmake_clean_cache': False, 'cmake_clean_first': False, 'cmake_force_configure': False, 'cmake_target': None, 'cmake_target_skip_unavailable': False, 'install_base': '/home/nehemiah/ros2_ws/src/unmanned_sys_ros2/install/unmanned_systems_ros2_pkg', 'merge_install': False, 'path': '/home/nehemiah/ros2_ws/src/unmanned_sys_ros2/unmanned_systems_ros2_pkg', 'symlink_install': True, 'test_result_base': None}
[7.646s] INFO:colcon.colcon_core.executor:Executing jobs using 'parallel' executor
[7.662s] DEBUG:colcon.colcon_parallel_executor.executor.parallel:run_until_complete
[7.664s] INFO:colcon.colcon_ros.task.ament_cmake.build:Building ROS package in '/home/nehemiah/ros2_ws/src/unmanned_sys_ros2/unmanned_systems_ros2_pkg' with build type 'ament_cmake'
[7.664s] INFO:colcon.colcon_cmake.task.cmake.build:Building CMake package in '/home/nehemiah/ros2_ws/src/unmanned_sys_ros2/unmanned_systems_ros2_pkg'
[7.703s] INFO:colcon.colcon_core.plugin_system:Skipping extension 'colcon_core.shell.bat': Not used on non-Windows systems
[7.704s] INFO:colcon.colcon_core.shell:Skip shell extension 'powershell' for command environment: Not usable outside of PowerShell
[7.704s] DEBUG:colcon.colcon_core.shell:Skip shell extension 'dsv' for command environment
[7.754s] DEBUG:colcon.colcon_core.event_handler.log_command:Invoking command in '/home/nehemiah/ros2_ws/src/unmanned_sys_ros2/build/unmanned_systems_ros2_pkg': CMAKE_PREFIX_PATH=${CMAKE_PREFIX_PATH}:/home/nehemiah/ros2_ws/install/turtlebot3_teleop:/home/nehemiah/ros2_ws/install/turtlebot3_example:/opt/ros/humble /usr/bin/cmake /home/nehemiah/ros2_ws/src/unmanned_sys_ros2/unmanned_systems_ros2_pkg -DAMENT_CMAKE_SYMLINK_INSTALL=1 -DCMAKE_INSTALL_PREFIX=/home/nehemiah/ros2_ws/src/unmanned_sys_ros2/install/unmanned_systems_ros2_pkg
[72.817s] DEBUG:colcon.colcon_core.event_handler.log_command:Invoked command in '/home/nehemiah/ros2_ws/src/unmanned_sys_ros2/build/unmanned_systems_ros2_pkg' returned '0': CMAKE_PREFIX_PATH=${CMAKE_PREFIX_PATH}:/home/nehemiah/ros2_ws/install/turtlebot3_teleop:/home/nehemiah/ros2_ws/install/turtlebot3_example:/opt/ros/humble /usr/bin/cmake /home/nehemiah/ros2_ws/src/unmanned_sys_ros2/unmanned_systems_ros2_pkg -DAMENT_CMAKE_SYMLINK_INSTALL=1 -DCMAKE_INSTALL_PREFIX=/home/nehemiah/ros2_ws/src/unmanned_sys_ros2/install/unmanned_systems_ros2_pkg
[72.832s] DEBUG:colcon.colcon_core.event_handler.log_command:Invoking command in '/home/nehemiah/ros2_ws/src/unmanned_sys_ros2/build/unmanned_systems_ros2_pkg': CMAKE_PREFIX_PATH=${CMAKE_PREFIX_PATH}:/home/nehemiah/ros2_ws/install/turtlebot3_teleop:/home/nehemiah/ros2_ws/install/turtlebot3_example:/opt/ros/humble /usr/bin/cmake --build /home/nehemiah/ros2_ws/src/unmanned_sys_ros2/build/unmanned_systems_ros2_pkg -- -j8 -l8
[106.059s] DEBUG:colcon.colcon_core.event_handler.log_command:Invoked command in '/home/nehemiah/ros2_ws/src/unmanned_sys_ros2/build/unmanned_systems_ros2_pkg' returned '0': CMAKE_PREFIX_PATH=${CMAKE_PREFIX_PATH}:/home/nehemiah/ros2_ws/install/turtlebot3_teleop:/home/nehemiah/ros2_ws/install/turtlebot3_example:/opt/ros/humble /usr/bin/cmake --build /home/nehemiah/ros2_ws/src/unmanned_sys_ros2/build/unmanned_systems_ros2_pkg -- -j8 -l8
[106.252s] DEBUG:colcon.colcon_core.event_handler.log_command:Invoking command in '/home/nehemiah/ros2_ws/src/unmanned_sys_ros2/build/unmanned_systems_ros2_pkg': CMAKE_PREFIX_PATH=${CMAKE_PREFIX_PATH}:/home/nehemiah/ros2_ws/install/turtlebot3_teleop:/home/nehemiah/ros2_ws/install/turtlebot3_example:/opt/ros/humble /usr/bin/cmake --install /home/nehemiah/ros2_ws/src/unmanned_sys_ros2/build/unmanned_systems_ros2_pkg
[107.784s] Level 1:colcon.colcon_core.environment:create_environment_scripts_only(unmanned_systems_ros2_pkg)
[107.785s] DEBUG:colcon.colcon_core.event_handler.log_command:Invoked command in '/home/nehemiah/ros2_ws/src/unmanned_sys_ros2/build/unmanned_systems_ros2_pkg' returned '0': CMAKE_PREFIX_PATH=${CMAKE_PREFIX_PATH}:/home/nehemiah/ros2_ws/install/turtlebot3_teleop:/home/nehemiah/ros2_ws/install/turtlebot3_example:/opt/ros/humble /usr/bin/cmake --install /home/nehemiah/ros2_ws/src/unmanned_sys_ros2/build/unmanned_systems_ros2_pkg
[107.925s] Level 1:colcon.colcon_core.environment:checking '/home/nehemiah/ros2_ws/src/unmanned_sys_ros2/install/unmanned_systems_ros2_pkg' for CMake module files
[107.927s] Level 1:colcon.colcon_core.environment:checking '/home/nehemiah/ros2_ws/src/unmanned_sys_ros2/install/unmanned_systems_ros2_pkg' for CMake config files
[107.928s] Level 1:colcon.colcon_core.shell:create_environment_hook('unmanned_systems_ros2_pkg', 'cmake_prefix_path')
[107.937s] INFO:colcon.colcon_core.shell:Creating environment hook '/home/nehemiah/ros2_ws/src/unmanned_sys_ros2/install/unmanned_systems_ros2_pkg/share/unmanned_systems_ros2_pkg/hook/cmake_prefix_path.ps1'
[107.952s] INFO:colcon.colcon_core.shell:Creating environment descriptor '/home/nehemiah/ros2_ws/src/unmanned_sys_ros2/install/unmanned_systems_ros2_pkg/share/unmanned_systems_ros2_pkg/hook/cmake_prefix_path.dsv'
[107.961s] INFO:colcon.colcon_core.shell:Creating environment hook '/home/nehemiah/ros2_ws/src/unmanned_sys_ros2/install/unmanned_systems_ros2_pkg/share/unmanned_systems_ros2_pkg/hook/cmake_prefix_path.sh'
[107.968s] Level 1:colcon.colcon_core.environment:checking '/home/nehemiah/ros2_ws/src/unmanned_sys_ros2/install/unmanned_systems_ros2_pkg/lib'
[107.968s] Level 1:colcon.colcon_core.environment:checking '/home/nehemiah/ros2_ws/src/unmanned_sys_ros2/install/unmanned_systems_ros2_pkg/bin'
[107.972s] Level 1:colcon.colcon_core.environment:checking '/home/nehemiah/ros2_ws/src/unmanned_sys_ros2/install/unmanned_systems_ros2_pkg/lib/pkgconfig/unmanned_systems_ros2_pkg.pc'
[107.977s] Level 1:colcon.colcon_core.environment:checking '/home/nehemiah/ros2_ws/src/unmanned_sys_ros2/install/unmanned_systems_ros2_pkg/lib/python3.10/site-packages'
[107.978s] Level 1:colcon.colcon_core.environment:checking '/home/nehemiah/ros2_ws/src/unmanned_sys_ros2/install/unmanned_systems_ros2_pkg/bin'
[107.983s] INFO:colcon.colcon_core.shell:Creating package script '/home/nehemiah/ros2_ws/src/unmanned_sys_ros2/install/unmanned_systems_ros2_pkg/share/unmanned_systems_ros2_pkg/package.ps1'
[107.997s] INFO:colcon.colcon_core.shell:Creating package descriptor '/home/nehemiah/ros2_ws/src/unmanned_sys_ros2/install/unmanned_systems_ros2_pkg/share/unmanned_systems_ros2_pkg/package.dsv'
[108.003s] INFO:colcon.colcon_core.shell:Creating package script '/home/nehemiah/ros2_ws/src/unmanned_sys_ros2/install/unmanned_systems_ros2_pkg/share/unmanned_systems_ros2_pkg/package.sh'
[108.010s] INFO:colcon.colcon_core.shell:Creating package script '/home/nehemiah/ros2_ws/src/unmanned_sys_ros2/install/unmanned_systems_ros2_pkg/share/unmanned_systems_ros2_pkg/package.bash'
[108.027s] INFO:colcon.colcon_core.shell:Creating package script '/home/nehemiah/ros2_ws/src/unmanned_sys_ros2/install/unmanned_systems_ros2_pkg/share/unmanned_systems_ros2_pkg/package.zsh'
[108.036s] Level 1:colcon.colcon_core.environment:create_file_with_runtime_dependencies(/home/nehemiah/ros2_ws/src/unmanned_sys_ros2/install/unmanned_systems_ros2_pkg/share/colcon-core/packages/unmanned_systems_ros2_pkg)
[108.212s] Level 1:colcon.colcon_core.environment:create_environment_scripts_only(unmanned_systems_ros2_pkg)
[108.219s] Level 1:colcon.colcon_core.environment:checking '/home/nehemiah/ros2_ws/src/unmanned_sys_ros2/install/unmanned_systems_ros2_pkg' for CMake module files
[108.229s] Level 1:colcon.colcon_core.environment:checking '/home/nehemiah/ros2_ws/src/unmanned_sys_ros2/install/unmanned_systems_ros2_pkg' for CMake config files
[108.230s] Level 1:colcon.colcon_core.shell:create_environment_hook('unmanned_systems_ros2_pkg', 'cmake_prefix_path')
[108.235s] INFO:colcon.colcon_core.shell:Creating environment hook '/home/nehemiah/ros2_ws/src/unmanned_sys_ros2/install/unmanned_systems_ros2_pkg/share/unmanned_systems_ros2_pkg/hook/cmake_prefix_path.ps1'
[108.236s] INFO:colcon.colcon_core.shell:Creating environment descriptor '/home/nehemiah/ros2_ws/src/unmanned_sys_ros2/install/unmanned_systems_ros2_pkg/share/unmanned_systems_ros2_pkg/hook/cmake_prefix_path.dsv'
[108.249s] INFO:colcon.colcon_core.shell:Creating environment hook '/home/nehemiah/ros2_ws/src/unmanned_sys_ros2/install/unmanned_systems_ros2_pkg/share/unmanned_systems_ros2_pkg/hook/cmake_prefix_path.sh'
[108.250s] Level 1:colcon.colcon_core.environment:checking '/home/nehemiah/ros2_ws/src/unmanned_sys_ros2/install/unmanned_systems_ros2_pkg/lib'
[108.251s] Level 1:colcon.colcon_core.environment:checking '/home/nehemiah/ros2_ws/src/unmanned_sys_ros2/install/unmanned_systems_ros2_pkg/bin'
[108.251s] Level 1:colcon.colcon_core.environment:checking '/home/nehemiah/ros2_ws/src/unmanned_sys_ros2/install/unmanned_systems_ros2_pkg/lib/pkgconfig/unmanned_systems_ros2_pkg.pc'
[108.251s] Level 1:colcon.colcon_core.environment:checking '/home/nehemiah/ros2_ws/src/unmanned_sys_ros2/install/unmanned_systems_ros2_pkg/lib/python3.10/site-packages'
[108.252s] Level 1:colcon.colcon_core.environment:checking '/home/nehemiah/ros2_ws/src/unmanned_sys_ros2/install/unmanned_systems_ros2_pkg/bin'
[108.268s] INFO:colcon.colcon_core.shell:Creating package script '/home/nehemiah/ros2_ws/src/unmanned_sys_ros2/install/unmanned_systems_ros2_pkg/share/unmanned_systems_ros2_pkg/package.ps1'
[108.269s] INFO:colcon.colcon_core.shell:Creating package descriptor '/home/nehemiah/ros2_ws/src/unmanned_sys_ros2/install/unmanned_systems_ros2_pkg/share/unmanned_systems_ros2_pkg/package.dsv'
[108.271s] INFO:colcon.colcon_core.shell:Creating package script '/home/nehemiah/ros2_ws/src/unmanned_sys_ros2/install/unmanned_systems_ros2_pkg/share/unmanned_systems_ros2_pkg/package.sh'
[108.285s] INFO:colcon.colcon_core.shell:Creating package script '/home/nehemiah/ros2_ws/src/unmanned_sys_ros2/install/unmanned_systems_ros2_pkg/share/unmanned_systems_ros2_pkg/package.bash'
[108.286s] INFO:colcon.colcon_core.shell:Creating package script '/home/nehemiah/ros2_ws/src/unmanned_sys_ros2/install/unmanned_systems_ros2_pkg/share/unmanned_systems_ros2_pkg/package.zsh'
[108.288s] Level 1:colcon.colcon_core.environment:create_file_with_runtime_dependencies(/home/nehemiah/ros2_ws/src/unmanned_sys_ros2/install/unmanned_systems_ros2_pkg/share/colcon-core/packages/unmanned_systems_ros2_pkg)
[108.290s] DEBUG:colcon.colcon_parallel_executor.executor.parallel:closing loop
[108.292s] DEBUG:colcon.colcon_parallel_executor.executor.parallel:loop closed
[108.293s] DEBUG:colcon.colcon_parallel_executor.executor.parallel:run_until_complete finished with '0'
[108.293s] DEBUG:colcon.colcon_core.event_reactor:joining thread
[108.769s] INFO:colcon.colcon_core.plugin_system:Skipping extension 'colcon_notification.desktop_notification.notify_send': Could not find 'notify-send'
[108.770s] INFO:colcon.colcon_core.plugin_system:Skipping extension 'colcon_notification.desktop_notification.terminal_notifier': Not used on non-Darwin systems
[108.770s] INFO:colcon.colcon_core.plugin_system:Skipping extension 'colcon_notification.desktop_notification.win32': Not used on non-Windows systems
[108.771s] INFO:colcon.colcon_notification.desktop_notification:Sending desktop notification using 'notify2'
[108.776s] DEBUG:colcon.colcon_notification.desktop_notification.notify2:Failed to initialize notify2: org.freedesktop.DBus.Error.FileNotFound: Failed to connect to socket /run/user/1000/bus: No such file or directory
[108.776s] DEBUG:colcon.colcon_core.event_reactor:joined thread
[108.789s] INFO:colcon.colcon_core.shell:Creating prefix script '/home/nehemiah/ros2_ws/src/unmanned_sys_ros2/install/local_setup.ps1'
[108.801s] INFO:colcon.colcon_core.shell:Creating prefix util module '/home/nehemiah/ros2_ws/src/unmanned_sys_ros2/install/_local_setup_util_ps1.py'
[108.813s] INFO:colcon.colcon_core.shell:Creating prefix chain script '/home/nehemiah/ros2_ws/src/unmanned_sys_ros2/install/setup.ps1'
[108.827s] INFO:colcon.colcon_core.shell:Creating prefix script '/home/nehemiah/ros2_ws/src/unmanned_sys_ros2/install/local_setup.sh'
[108.840s] INFO:colcon.colcon_core.shell:Creating prefix util module '/home/nehemiah/ros2_ws/src/unmanned_sys_ros2/install/_local_setup_util_sh.py'
[108.843s] INFO:colcon.colcon_core.shell:Creating prefix chain script '/home/nehemiah/ros2_ws/src/unmanned_sys_ros2/install/setup.sh'
[108.864s] INFO:colcon.colcon_core.shell:Creating prefix script '/home/nehemiah/ros2_ws/src/unmanned_sys_ros2/install/local_setup.bash'
[108.866s] INFO:colcon.colcon_core.shell:Creating prefix chain script '/home/nehemiah/ros2_ws/src/unmanned_sys_ros2/install/setup.bash'
[108.882s] INFO:colcon.colcon_core.shell:Creating prefix script '/home/nehemiah/ros2_ws/src/unmanned_sys_ros2/install/local_setup.zsh'
[108.885s] INFO:colcon.colcon_core.shell:Creating prefix chain script '/home/nehemiah/ros2_ws/src/unmanned_sys_ros2/install/setup.zsh'
